Flutter crash report.
Please report a bug at https://github.com/flutter/flutter/issues.

## command

flutter run

## exception

FileSystemException: FileSystemException: readInto failed, path = 'C:\Users\Ahmed\OneDrive\Desktop\H-Bus\hbuss\.dart_tool\package_config.json' (OS Error: The cloud file provider is not running.
, errno = 362)

```
#0      _RandomAccessFile.readIntoSync (dart:io/file_impl.dart:834:7)
#1      _File.readAsBytesSync (dart:io/file_impl.dart:593:35)
#2      _File.readAsStringSync (dart:io/file_impl.dart:624:18)
#3      ForwardingFile.readAsStringSync (package:file/src/forwarding/forwarding_file.dart:99:16)
#4      ErrorHandlingFile.readAsStringSync.<anonymous closure> (package:flutter_tools/src/base/error_handling_io.dart:218:22)
#5      _runSync (package:flutter_tools/src/base/error_handling_io.dart:590:14)
#6      ErrorHandlingFile.readAsStringSync (package:flutter_tools/src/base/error_handling_io.dart:217:12)
#7      _DefaultPub.get (package:flutter_tools/src/dart/pub.dart:275:37)
#8      FlutterCommand.verifyThenRunCommand (package:flutter_tools/src/runner/flutter_command.dart:1549:17)
<asynchronous suspension>
#9      FlutterCommand.run.<anonymous closure> (package:flutter_tools/src/runner/flutter_command.dart:1336:27)
<asynchronous suspension>
#10     AppContext.run.<anonymous closure> (package:flutter_tools/src/base/context.dart:150:19)
<asynchronous suspension>
#11     CommandRunner.runCommand (package:args/command_runner.dart:212:13)
<asynchronous suspension>
#12     FlutterCommandRunner.runCommand.<anonymous closure> (package:flutter_tools/src/runner/flutter_command_runner.dart:296:9)
<asynchronous suspension>
#13     AppContext.run.<anonymous closure> (package:flutter_tools/src/base/context.dart:150:19)
<asynchronous suspension>
#14     FlutterCommandRunner.runCommand (package:flutter_tools/src/runner/flutter_command_runner.dart:244:5)
<asynchronous suspension>
#15     run.<anonymous closure>.<anonymous closure> (package:flutter_tools/runner.dart:91:9)
<asynchronous suspension>
#16     AppContext.run.<anonymous closure> (package:flutter_tools/src/base/context.dart:150:19)
<asynchronous suspension>
#17     main (package:flutter_tools/executable.dart:91:3)
<asynchronous suspension>
```

## flutter doctor

```
[32m[✓][39m Flutter (Channel stable, 3.10.0, on Microsoft
    Windows [Version 10.0.19045.2965], locale
    ar-EG)
    [32m•[39m Flutter version 3.10.0 on channel stable at
      C:\flutter
    [32m•[39m Upstream repository
      https://github.com/flutter/flutter.git
    [32m•[39m Framework revision 84a1e904f4 (2 weeks ago),
      2023-05-09 07:41:44 -0700
    [32m•[39m Engine revision d44b5a94c9
    [32m•[39m Dart version 3.0.0
    [32m•[39m DevTools version 2.23.1

[32m[✓][39m Windows Version (Installed version of Windows
    is version 10 or higher)

[33m[!][39m Android toolchain - develop for Android devices
    (Android SDK version 33.0.2)
    [32m•[39m Android SDK at
      C:\Users\Ahmed\AppData\Local\Android\sdk
    [31m✗[39m cmdline-tools component is missing
      Run `path/to/sdkmanager --install
      "cmdline-tools;latest"`
      See
      https://developer.android.com/studio/command-
      line for more details.
    [31m✗[39m Android license status unknown.
      Run `flutter doctor --android-licenses` to
      accept the SDK licenses.
      See
      https://flutter.dev/docs/get-started/install/
      windows#android-setup for more details.

[32m[✓][39m Chrome - develop for the web
    [32m•[39m Chrome at C:\Program
      Files\Google\Chrome\Application\chrome.exe

[32m[✓][39m Visual Studio - develop for Windows (Visual
    Studio Build Tools 2019 16.11.26)
    [32m•[39m Visual Studio at C:\Program Files
      (x86)\Microsoft Visual Studio\2019\BuildTools
    [32m•[39m Visual Studio Build Tools 2019 version
      16.11.33529.622
    [32m•[39m Windows 10 SDK version 10.0.22621.0

[33m[!][39m Android Studio (not installed)
    [32m•[39m Android Studio not found; download from
      https://developer.android.com/studio/index.ht
      ml
      (or visit
      https://flutter.dev/docs/get-started/install/
      windows#android-setup for detailed
      instructions).

[32m[✓][39m VS Code (version 1.78.2)
    [32m•[39m VS Code at
      C:\Users\Ahmed\AppData\Local\Programs\Microso
      ft VS Code
    [32m•[39m Flutter extension version 3.64.0

[32m[✓][39m Connected device (3 available)
    [32m•[39m Windows (desktop) • windows • windows-x64
      • Microsoft Windows [Version 10.0.19045.2965]
    [32m•[39m Chrome (web)      • chrome  • web-javascript
      • Google Chrome 113.0.5672.127
    [32m•[39m Edge (web)        • edge    • web-javascript
      • Microsoft Edge 113.0.1774.50

[32m[✓][39m Network resources
    [32m•[39m All expected network resources are available.

[33m![39m Doctor found issues in 2 categories.
```
